PAGfx Converter v0.10 -- by Mollusk -- resurrected by fincs -- forum.palib.info
Mono version
If you have suggestions, problems or anything please come to the PAlib forums

Converting PAGfx.ini
Transparent Color: Magenta

4 sprites:
  lvlfont: 256colors, 32x320, Pal: lvlfont_Pal, -> lvlfont_Sprite
  mana: 256colors, 64x1344, Pal: mana_Pal, -> mana_Sprite
  sorts: 256colors, 32x288, Pal: sorts_Pal, -> sorts_Sprite
  vie: 256colors, 64x1344, Pal: vie_Pal, -> vie_Sprite

5 backgrounds:
  fond_haut : EasyBg, 256x192, Pal: fond_haut_Pal, 666 tiles -> fond_haut_Tiles and fond_haut_Map
  exocet : EasyBg, 256x192, Pal: exocet_Pal, 67 tiles -> exocet_Tiles and exocet_Map
  pasplash : EasyBg, 256x192, Pal: pasplash_Pal, 227 tiles -> pasplash_Tiles and pasplash_Map
  d_Splash1 : EasyBg, 256x192, Pal: d_Splash1_Pal, 658 tiles -> d_Splash1_Tiles and d_Splash1_Map
  PA_TiledFont : EasyBg, 256x192, Pal: PA_TiledFont_Pal, 208 tiles -> PA_TiledFont_Tiles and PA_TiledFont_Map

9 palettes:
  lvlfont_Pal, 21 colors
  mana_Pal, 8 colors
  sorts_Pal, 16 colors
  vie_Pal, 14 colors
  fond_haut_Pal, 252 colors
  exocet_Pal, 2 colors
  pasplash_Pal, 256 colors
  d_Splash1_Pal, 250 colors
  PA_TiledFont_Pal, 6 colors

Converted in 0 minutes and 1 second

Finished!
